Mon May 16 14:55:34 CEST 2016 : Server di rete Apache Derby: 10.11.1.2 - (1629631) avviato e pronto ad accettare connessioni sulla porta 1527
----------------------------------------------------------------
Mon May 16 14:55:34 CEST 2016:
Avvio della versione di Derby The Apache Software Foundation - Apache Derby - 10.11.1.2 - (1629631): istanza a816c00e-0154-b9a2-c982-ffffbecf4fcb
sulla directory di database C:\Users\Alessandro\Documents\NetBeansProjects\AMM_GruppoA\Esercitazione2_Java\web\WEB-INF\db\ammdb con caricatore classi sun.misc.Launcher$AppClassLoader@5e2de80c 
Caricato da file:/C:/Program%20Files/Java/jdk1.8.0_73/db/lib/derby.jar
java.vendor=Oracle Corporation
java.runtime.version=1.8.0_73-b02
user.dir=C:\Program Files\Java\jdk1.8.0_73\db
os.name=Windows 10
os.arch=amd64
os.version=10.0
derby.system.home=C:\Users\Alessandro\Documents\NetBeansProjects\AMM_GruppoA\Esercitazione2_Java\web\WEB-INF\db
Programma di caricamento classe database avviato - derby.database.classpath=''
----------------------------------------------------------------
Mon May 16 14:55:36 CEST 2016:
Arresto dell'istanza a816c00e-0154-b9a2-c982-ffffbecf4fcb nella directory del database C:\Users\Alessandro\Documents\NetBeansProjects\AMM_GruppoA\Esercitazione2_Java\web\WEB-INF\db\ammdb con il caricatore di classi sun.misc.Launcher$AppClassLoader@5e2de80c 
Mon May 16 14:55:36 CEST 2016 Thread[DRDAConnThread_3,5,main] (DATABASE = ammdb), (DRDAID = {2}), Chiusura del database 'ammdb'.
----------------------------------------------------------------
Mon May 16 14:55:41 CEST 2016:
Avvio della versione di Derby The Apache Software Foundation - Apache Derby - 10.11.1.2 - (1629631): istanza a65c80ac-0154-b9a2-c982-ffffbecf4fcb
sulla directory di database C:\Users\Alessandro\Documents\NetBeansProjects\AMM_GruppoA\Esercitazione2_Java\web\WEB-INF\db\ammdb con caricatore classi sun.misc.Launcher$AppClassLoader@5e2de80c 
Caricato da file:/C:/Program%20Files/Java/jdk1.8.0_73/db/lib/derby.jar
java.vendor=Oracle Corporation
java.runtime.version=1.8.0_73-b02
user.dir=C:\Program Files\Java\jdk1.8.0_73\db
os.name=Windows 10
os.arch=amd64
os.version=10.0
derby.system.home=C:\Users\Alessandro\Documents\NetBeansProjects\AMM_GruppoA\Esercitazione2_Java\web\WEB-INF\db
Programma di caricamento classe database avviato - derby.database.classpath=''
